2023-08-20 14:25:03 [scrapy.utils.log] INFO: Scrapy 2.10.0 started (bot: dk_odds_webscraper)
2023-08-20 14:25:03 [scrapy.utils.log] INFO: Versions: lxml 4.9.3.0, libxml2 2.9.4, cssselect 1.2.0, parsel 1.8.1, w3lib 2.1.2, Twisted 22.10.0, Python 3.9.12 (main, Apr  5 2022, 01:53:17) - [Clang 12.0.0 ], pyOpenSSL 23.2.0 (OpenSSL 3.1.2 1 Aug 2023), cryptography 41.0.3, Platform macOS-10.16-x86_64-i386-64bit
2023-08-20 14:25:03 [scrapy.addons] INFO: Enabled addons:
[]
2023-08-20 14:25:03 [scrapy.crawler] INFO: Overridden settings:
{'BOT_NAME': 'dk_odds_webscraper',
 'FEED_EXPORT_ENCODING': 'utf-8',
 'LOG_FILE': '/Users/dhutchings/Documents/dk_odds_webscraper/dk_odds_webscraper/dk_odds_webscraper/logs/scrapy.log',
 'NEWSPIDER_MODULE': 'dk_odds_webscraper.spiders',
 'REQUEST_FINGERPRINTER_IMPLEMENTATION': '2.7',
 'SPIDER_MODULES': ['dk_odds_webscraper.spiders'],
 'TWISTED_REACTOR': 'twisted.internet.asyncioreactor.AsyncioSelectorReactor'}
2023-08-20 14:25:03 [asyncio] DEBUG: Using selector: KqueueSelector
2023-08-20 14:25:03 [scrapy.utils.log] DEBUG: Using reactor: twisted.internet.asyncioreactor.AsyncioSelectorReactor
2023-08-20 14:25:03 [scrapy.utils.log] DEBUG: Using asyncio event loop: asyncio.unix_events._UnixSelectorEventLoop
2023-08-20 14:25:03 [scrapy.extensions.telnet] INFO: Telnet Password: 487da1bd52c9f087
2023-08-20 14:25:03 [scrapy.middleware] INFO: Enabled extensions:
['scrapy.extensions.corestats.CoreStats',
 'scrapy.extensions.telnet.TelnetConsole',
 'scrapy.extensions.memusage.MemoryUsage',
 'scrapy.extensions.feedexport.FeedExporter',
 'scrapy.extensions.logstats.LogStats']
2023-08-20 14:25:04 [scrapy.middleware] INFO: Enabled downloader middlewares:
['scrapy.downloadermiddlewares.httpauth.HttpAuthMiddleware',
 'scrapy.downloadermiddlewares.downloadtimeout.DownloadTimeoutMiddleware',
 'scrapy.downloadermiddlewares.defaultheaders.DefaultHeadersMiddleware',
 'scrapy.downloadermiddlewares.useragent.UserAgentMiddleware',
 'scrapy.downloadermiddlewares.retry.RetryMiddleware',
 'scrapy.downloadermiddlewares.redirect.MetaRefreshMiddleware',
 'scrapy.downloadermiddlewares.httpcompression.HttpCompressionMiddleware',
 'scrapy.downloadermiddlewares.redirect.RedirectMiddleware',
 'scrapy.downloadermiddlewares.cookies.CookiesMiddleware',
 'scrapy.downloadermiddlewares.httpproxy.HttpProxyMiddleware',
 'scrapy.downloadermiddlewares.stats.DownloaderStats']
2023-08-20 14:25:04 [scrapy.middleware] INFO: Enabled spider middlewares:
['scrapy.spidermiddlewares.httperror.HttpErrorMiddleware',
 'scrapy.spidermiddlewares.offsite.OffsiteMiddleware',
 'scrapy.spidermiddlewares.referer.RefererMiddleware',
 'scrapy.spidermiddlewares.urllength.UrlLengthMiddleware',
 'scrapy.spidermiddlewares.depth.DepthMiddleware']
2023-08-20 14:25:04 [scrapy.middleware] INFO: Enabled item pipelines:
[]
2023-08-20 14:25:04 [scrapy.core.engine] INFO: Spider opened
2023-08-20 14:25:04 [scrapy.extensions.logstats] INFO: Crawled 0 pages (at 0 pages/min), scraped 0 items (at 0 items/min)
2023-08-20 14:25:04 [scrapy.extensions.telnet] INFO: Telnet console listening on 127.0.0.1:6023
2023-08-20 14:25:05 [scrapy.core.engine] DEBUG: Crawled (200) <GET https://sportsbook.draftkings.com/leagues/baseball/mlb?category=game-lines&subcategory=game> (referer: None)
2023-08-20 14:25:05 [scrapy.core.scraper] ERROR: Spider error processing <GET https://sportsbook.draftkings.com/leagues/baseball/mlb?category=game-lines&subcategory=game> (referer: None)
Traceback (most recent call last):
  File "/Users/dhutchings/Documents/dk_odds_webscraper/venv/lib/python3.9/site-packages/scrapy/utils/defer.py", line 277, in iter_errback
    yield next(it)
  File "/Users/dhutchings/Documents/dk_odds_webscraper/venv/lib/python3.9/site-packages/scrapy/utils/python.py", line 350, in __next__
    return next(self.data)
  File "/Users/dhutchings/Documents/dk_odds_webscraper/venv/lib/python3.9/site-packages/scrapy/utils/python.py", line 350, in __next__
    return next(self.data)
  File "/Users/dhutchings/Documents/dk_odds_webscraper/venv/lib/python3.9/site-packages/scrapy/core/spidermw.py", line 106, in process_sync
    for r in iterable:
  File "/Users/dhutchings/Documents/dk_odds_webscraper/venv/lib/python3.9/site-packages/scrapy/spidermiddlewares/offsite.py", line 28, in <genexpr>
    return (r for r in result or () if self._filter(r, spider))
  File "/Users/dhutchings/Documents/dk_odds_webscraper/venv/lib/python3.9/site-packages/scrapy/core/spidermw.py", line 106, in process_sync
    for r in iterable:
  File "/Users/dhutchings/Documents/dk_odds_webscraper/venv/lib/python3.9/site-packages/scrapy/spidermiddlewares/referer.py", line 352, in <genexpr>
    return (self._set_referer(r, response) for r in result or ())
  File "/Users/dhutchings/Documents/dk_odds_webscraper/venv/lib/python3.9/site-packages/scrapy/core/spidermw.py", line 106, in process_sync
    for r in iterable:
  File "/Users/dhutchings/Documents/dk_odds_webscraper/venv/lib/python3.9/site-packages/scrapy/spidermiddlewares/urllength.py", line 27, in <genexpr>
    return (r for r in result or () if self._filter(r, spider))
  File "/Users/dhutchings/Documents/dk_odds_webscraper/venv/lib/python3.9/site-packages/scrapy/core/spidermw.py", line 106, in process_sync
    for r in iterable:
  File "/Users/dhutchings/Documents/dk_odds_webscraper/venv/lib/python3.9/site-packages/scrapy/spidermiddlewares/depth.py", line 31, in <genexpr>
    return (r for r in result or () if self._filter(r, response, spider))
  File "/Users/dhutchings/Documents/dk_odds_webscraper/venv/lib/python3.9/site-packages/scrapy/core/spidermw.py", line 106, in process_sync
    for r in iterable:
  File "/Users/dhutchings/Documents/dk_odds_webscraper/dk_odds_webscraper/dk_odds_webscraper/spiders/mlb_odds_spider.py", line 28, in parse
    mlb_game_item['team1_point_spread'] = {
  File "/Users/dhutchings/Documents/dk_odds_webscraper/venv/lib/python3.9/site-packages/scrapy/item.py", line 85, in __setitem__
    raise KeyError(f"{self.__class__.__name__} does not support field: {key}")
KeyError: 'MLBGameItem does not support field: team1_point_spread'
2023-08-20 14:25:05 [scrapy.core.engine] INFO: Closing spider (finished)
2023-08-20 14:25:05 [scrapy.extensions.feedexport] INFO: Stored json feed (0 items) in: data.json
2023-08-20 14:25:05 [scrapy.statscollectors] INFO: Dumping Scrapy stats:
{'downloader/request_bytes': 283,
 'downloader/request_count': 1,
 'downloader/request_method_count/GET': 1,
 'downloader/response_bytes': 272710,
 'downloader/response_count': 1,
 'downloader/response_status_count/200': 1,
 'elapsed_time_seconds': 1.522209,
 'feedexport/success_count/FileFeedStorage': 1,
 'finish_reason': 'finished',
 'finish_time': datetime.datetime(2023, 8, 20, 18, 25, 5, 654669),
 'httpcompression/response_bytes': 1974027,
 'httpcompression/response_count': 1,
 'log_count/DEBUG': 4,
 'log_count/ERROR': 1,
 'log_count/INFO': 11,
 'memusage/max': 54939648,
 'memusage/startup': 54939648,
 'response_received_count': 1,
 'scheduler/dequeued': 1,
 'scheduler/dequeued/memory': 1,
 'scheduler/enqueued': 1,
 'scheduler/enqueued/memory': 1,
 'spider_exceptions/KeyError': 1,
 'start_time': datetime.datetime(2023, 8, 20, 18, 25, 4, 132460)}
2023-08-20 14:25:05 [scrapy.core.engine] INFO: Spider closed (finished)
2023-08-20 14:25:45 [scrapy.utils.log] INFO: Scrapy 2.10.0 started (bot: dk_odds_webscraper)
2023-08-20 14:25:45 [scrapy.utils.log] INFO: Versions: lxml 4.9.3.0, libxml2 2.9.4, cssselect 1.2.0, parsel 1.8.1, w3lib 2.1.2, Twisted 22.10.0, Python 3.9.12 (main, Apr  5 2022, 01:53:17) - [Clang 12.0.0 ], pyOpenSSL 23.2.0 (OpenSSL 3.1.2 1 Aug 2023), cryptography 41.0.3, Platform macOS-10.16-x86_64-i386-64bit
2023-08-20 14:25:45 [scrapy.addons] INFO: Enabled addons:
[]
2023-08-20 14:25:45 [scrapy.crawler] INFO: Overridden settings:
{'BOT_NAME': 'dk_odds_webscraper',
 'FEED_EXPORT_ENCODING': 'utf-8',
 'LOG_FILE': '/Users/dhutchings/Documents/dk_odds_webscraper/dk_odds_webscraper/dk_odds_webscraper/logs/scrapy.log',
 'NEWSPIDER_MODULE': 'dk_odds_webscraper.spiders',
 'REQUEST_FINGERPRINTER_IMPLEMENTATION': '2.7',
 'SPIDER_MODULES': ['dk_odds_webscraper.spiders'],
 'TWISTED_REACTOR': 'twisted.internet.asyncioreactor.AsyncioSelectorReactor'}
2023-08-20 14:25:45 [asyncio] DEBUG: Using selector: KqueueSelector
2023-08-20 14:25:45 [scrapy.utils.log] DEBUG: Using reactor: twisted.internet.asyncioreactor.AsyncioSelectorReactor
2023-08-20 14:25:45 [scrapy.utils.log] DEBUG: Using asyncio event loop: asyncio.unix_events._UnixSelectorEventLoop
2023-08-20 14:25:45 [scrapy.extensions.telnet] INFO: Telnet Password: e5aaefb1231b3c62
2023-08-20 14:25:45 [scrapy.middleware] INFO: Enabled extensions:
['scrapy.extensions.corestats.CoreStats',
 'scrapy.extensions.telnet.TelnetConsole',
 'scrapy.extensions.memusage.MemoryUsage',
 'scrapy.extensions.feedexport.FeedExporter',
 'scrapy.extensions.logstats.LogStats']
2023-08-20 14:25:45 [scrapy.middleware] INFO: Enabled downloader middlewares:
['scrapy.downloadermiddlewares.httpauth.HttpAuthMiddleware',
 'scrapy.downloadermiddlewares.downloadtimeout.DownloadTimeoutMiddleware',
 'scrapy.downloadermiddlewares.defaultheaders.DefaultHeadersMiddleware',
 'scrapy.downloadermiddlewares.useragent.UserAgentMiddleware',
 'scrapy.downloadermiddlewares.retry.RetryMiddleware',
 'scrapy.downloadermiddlewares.redirect.MetaRefreshMiddleware',
 'scrapy.downloadermiddlewares.httpcompression.HttpCompressionMiddleware',
 'scrapy.downloadermiddlewares.redirect.RedirectMiddleware',
 'scrapy.downloadermiddlewares.cookies.CookiesMiddleware',
 'scrapy.downloadermiddlewares.httpproxy.HttpProxyMiddleware',
 'scrapy.downloadermiddlewares.stats.DownloaderStats']
2023-08-20 14:25:45 [scrapy.middleware] INFO: Enabled spider middlewares:
['scrapy.spidermiddlewares.httperror.HttpErrorMiddleware',
 'scrapy.spidermiddlewares.offsite.OffsiteMiddleware',
 'scrapy.spidermiddlewares.referer.RefererMiddleware',
 'scrapy.spidermiddlewares.urllength.UrlLengthMiddleware',
 'scrapy.spidermiddlewares.depth.DepthMiddleware']
2023-08-20 14:25:45 [scrapy.middleware] INFO: Enabled item pipelines:
[]
2023-08-20 14:25:45 [scrapy.core.engine] INFO: Spider opened
2023-08-20 14:25:45 [scrapy.extensions.logstats] INFO: Crawled 0 pages (at 0 pages/min), scraped 0 items (at 0 items/min)
2023-08-20 14:25:45 [scrapy.extensions.telnet] INFO: Telnet console listening on 127.0.0.1:6023
2023-08-20 14:25:46 [scrapy.core.engine] DEBUG: Crawled (200) <GET https://sportsbook.draftkings.com/leagues/baseball/mlb?category=game-lines&subcategory=game> (referer: None)
2023-08-20 14:25:46 [scrapy.core.scraper] DEBUG: Scraped from <200 https://sportsbook.draftkings.com/leagues/baseball/mlb?category=game-lines&subcategory=game>
{'event_date': 'Today',
 'event_time': None,
 'team1_money_line': '−140',
 'team1_name': 'SEA Mariners',
 'team1_point_spread': {'line': '-1.5', 'odds': '+160'},
 'team1_total_points_over_under': {'line': ['O', '\xa0', '16.5'],
                                   'odds': '−140'},
 'team2_money_line': '+100',
 'team2_name': 'HOU Astros',
 'team2_point_spread': {'line': '+1.5', 'odds': '−210'},
 'team2_total_points_over_under': {'line': ['U', '\xa0', '16.5'],
                                   'odds': '+110'}}
2023-08-20 14:25:46 [scrapy.core.scraper] DEBUG: Scraped from <200 https://sportsbook.draftkings.com/leagues/baseball/mlb?category=game-lines&subcategory=game>
{'event_date': 'Today',
 'event_time': None,
 'team1_money_line': '+100',
 'team1_name': 'SF Giants',
 'team1_point_spread': {'line': '-1.5', 'odds': '+175'},
 'team1_total_points_over_under': {'line': ['O', '\xa0', '11.5'],
                                   'odds': '−125'},
 'team2_money_line': '−130',
 'team2_name': 'ATL Braves',
 'team2_point_spread': {'line': '+1.5', 'odds': '−230'},
 'team2_total_points_over_under': {'line': ['U', '\xa0', '11.5'],
                                   'odds': '−105'}}
2023-08-20 14:25:46 [scrapy.core.scraper] DEBUG: Scraped from <200 https://sportsbook.draftkings.com/leagues/baseball/mlb?category=game-lines&subcategory=game>
{'event_date': 'Today',
 'event_time': None,
 'team1_money_line': '−140',
 'team1_name': 'BOS Red Sox',
 'team1_point_spread': {'line': '-1.5', 'odds': '+124'},
 'team1_total_points_over_under': {'line': ['O', '\xa0', '7.5'],
                                   'odds': '+100'},
 'team2_money_line': '+110',
 'team2_name': 'NY Yankees',
 'team2_point_spread': {'line': '+1.5', 'odds': '−160'},
 'team2_total_points_over_under': {'line': ['U', '\xa0', '7.5'],
                                   'odds': '−130'}}
2023-08-20 14:25:46 [scrapy.core.scraper] DEBUG: Scraped from <200 https://sportsbook.draftkings.com/leagues/baseball/mlb?category=game-lines&subcategory=game>
{'event_date': 'Today',
 'event_time': None,
 'team1_money_line': '−445',
 'team1_name': 'TOR Blue Jays',
 'team1_point_spread': {'line': '-2.5', 'odds': '−135'},
 'team1_total_points_over_under': {'line': ['O', '\xa0', '14.5'],
                                   'odds': '+100'},
 'team2_money_line': '+310',
 'team2_name': 'CIN Reds',
 'team2_point_spread': {'line': '+2.5', 'odds': '+105'},
 'team2_total_points_over_under': {'line': ['U', '\xa0', '14.5'],
                                   'odds': '−130'}}
2023-08-20 14:25:46 [scrapy.core.scraper] DEBUG: Scraped from <200 https://sportsbook.draftkings.com/leagues/baseball/mlb?category=game-lines&subcategory=game>
{'event_date': 'Today',
 'event_time': None,
 'team1_money_line': '−345',
 'team1_name': 'DET Tigers',
 'team1_point_spread': {'line': '-2.5', 'odds': '+110'},
 'team1_total_points_over_under': {'line': ['O', '\xa0', '7.5'],
                                   'odds': '+110'},
 'team2_money_line': '+250',
 'team2_name': 'CLE Guardians',
 'team2_point_spread': {'line': '+2.5', 'odds': '−140'},
 'team2_total_points_over_under': {'line': ['U', '\xa0', '7.5'],
                                   'odds': '−140'}}
2023-08-20 14:25:46 [scrapy.core.scraper] DEBUG: Scraped from <200 https://sportsbook.draftkings.com/leagues/baseball/mlb?category=game-lines&subcategory=game>
{'event_date': 'Today',
 'event_time': None,
 'team1_money_line': '+120',
 'team1_name': 'PIT Pirates',
 'team1_point_spread': {'line': '+1.5', 'odds': '−175'},
 'team1_total_points_over_under': {'line': ['O', '\xa0', '8.5'],
                                   'odds': '−110'},
 'team2_money_line': '−150',
 'team2_name': 'MIN Twins',
 'team2_point_spread': {'line': '-1.5', 'odds': '+135'},
 'team2_total_points_over_under': {'line': ['U', '\xa0', '8.5'],
                                   'odds': '−120'}}
2023-08-20 14:25:46 [scrapy.core.scraper] DEBUG: Scraped from <200 https://sportsbook.draftkings.com/leagues/baseball/mlb?category=game-lines&subcategory=game>
{'event_date': 'Today',
 'event_time': None,
 'team1_money_line': '+165',
 'team1_name': 'NY Mets',
 'team1_point_spread': {'line': '+1.5', 'odds': '−125'},
 'team1_total_points_over_under': {'line': ['O', '\xa0', '10.5'],
                                   'odds': '+100'},
 'team2_money_line': '−215',
 'team2_name': 'STL Cardinals',
 'team2_point_spread': {'line': '-1.5', 'odds': '−105'},
 'team2_total_points_over_under': {'line': ['U', '\xa0', '10.5'],
                                   'odds': '−130'}}
2023-08-20 14:25:46 [scrapy.core.scraper] DEBUG: Scraped from <200 https://sportsbook.draftkings.com/leagues/baseball/mlb?category=game-lines&subcategory=game>
{'event_date': 'Today',
 'event_time': None,
 'team1_money_line': '+135',
 'team1_name': 'KC Royals',
 'team1_point_spread': {'line': '+1.5', 'odds': '−150'},
 'team1_total_points_over_under': {'line': ['O', '\xa0', '9.5'],
                                   'odds': '−130'},
 'team2_money_line': '−175',
 'team2_name': 'CHI Cubs',
 'team2_point_spread': {'line': '-1.5', 'odds': '+120'},
 'team2_total_points_over_under': {'line': ['U', '\xa0', '9.5'],
                                   'odds': '+100'}}
2023-08-20 14:25:46 [scrapy.core.scraper] DEBUG: Scraped from <200 https://sportsbook.draftkings.com/leagues/baseball/mlb?category=game-lines&subcategory=game>
{'event_date': 'Today',
 'event_time': '6:35PM',
 'team1_money_line': '+170',
 'team1_name': 'MIL Brewers',
 'team1_point_spread': {'line': '+1.5', 'odds': '−120'},
 'team1_total_points_over_under': {'line': ['O', '\xa0', '8.5'],
                                   'odds': '−115'},
 'team2_money_line': '−205',
 'team2_name': 'TEX Rangers',
 'team2_point_spread': {'line': '-1.5', 'odds': '+100'},
 'team2_total_points_over_under': {'line': ['U', '\xa0', '8.5'],
                                   'odds': '−105'}}
2023-08-20 14:25:46 [scrapy.core.scraper] DEBUG: Scraped from <200 https://sportsbook.draftkings.com/leagues/baseball/mlb?category=game-lines&subcategory=game>
{'event_date': 'Today',
 'event_time': '7:10PM',
 'team1_money_line': '−142',
 'team1_name': 'CHI White Sox',
 'team1_point_spread': {'line': '-1.5', 'odds': '+102'},
 'team1_total_points_over_under': {'line': ['O', '\xa0', '12'], 'odds': '−110'},
 'team2_money_line': '+120',
 'team2_name': 'COL Rockies',
 'team2_point_spread': {'line': '+1.5', 'odds': '−122'},
 'team2_total_points_over_under': {'line': ['U', '\xa0', '12'], 'odds': '−110'}}
2023-08-20 14:25:46 [scrapy.core.scraper] DEBUG: Scraped from <200 https://sportsbook.draftkings.com/leagues/baseball/mlb?category=game-lines&subcategory=game>
{'event_date': 'Today',
 'event_time': '8:07PM',
 'team1_money_line': '−192',
 'team1_name': 'BAL Orioles',
 'team1_point_spread': {'line': '-1.5', 'odds': '−120'},
 'team1_total_points_over_under': {'line': ['O', '\xa0', '8'], 'odds': '−120'},
 'team2_money_line': '+160',
 'team2_name': 'OAK Athletics',
 'team2_point_spread': {'line': '+1.5', 'odds': '+100'},
 'team2_total_points_over_under': {'line': ['U', '\xa0', '8'], 'odds': '+100'}}
2023-08-20 14:25:46 [scrapy.core.scraper] DEBUG: Scraped from <200 https://sportsbook.draftkings.com/leagues/baseball/mlb?category=game-lines&subcategory=game>
{'event_date': 'Today',
 'event_time': '11:10PM',
 'team1_money_line': '−230',
 'team1_name': 'PHI Phillies',
 'team1_point_spread': {'line': '-1.5', 'odds': '−148'},
 'team1_total_points_over_under': {'line': ['O', '\xa0', '8.5'],
                                   'odds': '−120'},
 'team2_money_line': '+190',
 'team2_name': 'WAS Nationals',
 'team2_point_spread': {'line': '+1.5', 'odds': '+124'},
 'team2_total_points_over_under': {'line': ['U', '\xa0', '8.5'],
                                   'odds': '+100'}}
2023-08-20 14:25:46 [scrapy.core.scraper] DEBUG: Scraped from <200 https://sportsbook.draftkings.com/leagues/baseball/mlb?category=game-lines&subcategory=game>
{'event_date': 'TUE AUG 22ND',
 'event_time': '1:38AM',
 'team1_money_line': '+130',
 'team1_name': 'CIN Reds',
 'team1_point_spread': {'line': '+1.5', 'odds': '−148'},
 'team1_total_points_over_under': {'line': ['O', '\xa0', '9'], 'odds': '−102'},
 'team2_money_line': '−155',
 'team2_name': 'LA Angels',
 'team2_point_spread': {'line': '-1.5', 'odds': '+124'},
 'team2_total_points_over_under': {'line': ['U', '\xa0', '9'], 'odds': '−118'}}
2023-08-20 14:25:46 [scrapy.core.engine] INFO: Closing spider (finished)
2023-08-20 14:25:46 [scrapy.extensions.feedexport] INFO: Stored json feed (13 items) in: data.json
2023-08-20 14:25:46 [scrapy.statscollectors] INFO: Dumping Scrapy stats:
{'downloader/request_bytes': 283,
 'downloader/request_count': 1,
 'downloader/request_method_count/GET': 1,
 'downloader/response_bytes': 272621,
 'downloader/response_count': 1,
 'downloader/response_status_count/200': 1,
 'elapsed_time_seconds': 1.36744,
 'feedexport/success_count/FileFeedStorage': 1,
 'finish_reason': 'finished',
 'finish_time': datetime.datetime(2023, 8, 20, 18, 25, 46, 920315),
 'httpcompression/response_bytes': 1973945,
 'httpcompression/response_count': 1,
 'item_scraped_count': 13,
 'log_count/DEBUG': 17,
 'log_count/INFO': 11,
 'memusage/max': 54886400,
 'memusage/startup': 54886400,
 'response_received_count': 1,
 'scheduler/dequeued': 1,
 'scheduler/dequeued/memory': 1,
 'scheduler/enqueued': 1,
 'scheduler/enqueued/memory': 1,
 'start_time': datetime.datetime(2023, 8, 20, 18, 25, 45, 552875)}
2023-08-20 14:25:46 [scrapy.core.engine] INFO: Spider closed (finished)
2023-08-20 14:47:42 [scrapy.utils.log] INFO: Scrapy 2.10.0 started (bot: dk_odds_webscraper)
2023-08-20 14:47:42 [scrapy.utils.log] INFO: Versions: lxml 4.9.3.0, libxml2 2.9.4, cssselect 1.2.0, parsel 1.8.1, w3lib 2.1.2, Twisted 22.10.0, Python 3.9.12 (main, Apr  5 2022, 01:53:17) - [Clang 12.0.0 ], pyOpenSSL 23.2.0 (OpenSSL 3.1.2 1 Aug 2023), cryptography 41.0.3, Platform macOS-10.16-x86_64-i386-64bit
2023-08-20 14:47:42 [scrapy.addons] INFO: Enabled addons:
[]
2023-08-20 14:47:42 [scrapy.crawler] INFO: Overridden settings:
{'BOT_NAME': 'dk_odds_webscraper',
 'FEED_EXPORT_ENCODING': 'utf-8',
 'LOG_FILE': '/Users/dhutchings/Documents/dk_odds_webscraper/dk_odds_webscraper/dk_odds_webscraper/logs/scrapy.log',
 'NEWSPIDER_MODULE': 'dk_odds_webscraper.spiders',
 'REQUEST_FINGERPRINTER_IMPLEMENTATION': '2.7',
 'SPIDER_MODULES': ['dk_odds_webscraper.spiders'],
 'TWISTED_REACTOR': 'twisted.internet.asyncioreactor.AsyncioSelectorReactor'}
2023-08-20 14:47:42 [asyncio] DEBUG: Using selector: KqueueSelector
2023-08-20 14:47:42 [scrapy.utils.log] DEBUG: Using reactor: twisted.internet.asyncioreactor.AsyncioSelectorReactor
2023-08-20 14:47:42 [scrapy.utils.log] DEBUG: Using asyncio event loop: asyncio.unix_events._UnixSelectorEventLoop
2023-08-20 14:47:42 [scrapy.extensions.telnet] INFO: Telnet Password: 906f8840d2e6005f
2023-08-20 14:47:42 [scrapy.middleware] INFO: Enabled extensions:
['scrapy.extensions.corestats.CoreStats',
 'scrapy.extensions.telnet.TelnetConsole',
 'scrapy.extensions.memusage.MemoryUsage',
 'scrapy.extensions.feedexport.FeedExporter',
 'scrapy.extensions.logstats.LogStats']
2023-08-20 14:47:42 [scrapy.middleware] INFO: Enabled downloader middlewares:
['scrapy.downloadermiddlewares.httpauth.HttpAuthMiddleware',
 'scrapy.downloadermiddlewares.downloadtimeout.DownloadTimeoutMiddleware',
 'scrapy.downloadermiddlewares.defaultheaders.DefaultHeadersMiddleware',
 'scrapy.downloadermiddlewares.useragent.UserAgentMiddleware',
 'scrapy.downloadermiddlewares.retry.RetryMiddleware',
 'scrapy.downloadermiddlewares.redirect.MetaRefreshMiddleware',
 'scrapy.downloadermiddlewares.httpcompression.HttpCompressionMiddleware',
 'scrapy.downloadermiddlewares.redirect.RedirectMiddleware',
 'scrapy.downloadermiddlewares.cookies.CookiesMiddleware',
 'scrapy.downloadermiddlewares.httpproxy.HttpProxyMiddleware',
 'scrapy.downloadermiddlewares.stats.DownloaderStats']
2023-08-20 14:47:42 [scrapy.middleware] INFO: Enabled spider middlewares:
['scrapy.spidermiddlewares.httperror.HttpErrorMiddleware',
 'scrapy.spidermiddlewares.offsite.OffsiteMiddleware',
 'scrapy.spidermiddlewares.referer.RefererMiddleware',
 'scrapy.spidermiddlewares.urllength.UrlLengthMiddleware',
 'scrapy.spidermiddlewares.depth.DepthMiddleware']
2023-08-20 14:47:42 [scrapy.middleware] INFO: Enabled item pipelines:
[]
2023-08-20 14:47:42 [scrapy.core.engine] INFO: Spider opened
2023-08-20 14:47:42 [scrapy.extensions.logstats] INFO: Crawled 0 pages (at 0 pages/min), scraped 0 items (at 0 items/min)
2023-08-20 14:47:42 [scrapy.extensions.telnet] INFO: Telnet console listening on 127.0.0.1:6023
2023-08-20 14:47:44 [scrapy.core.engine] DEBUG: Crawled (200) <GET https://sportsbook.draftkings.com/leagues/baseball/mlb?category=game-lines&subcategory=game> (referer: None)
2023-08-20 14:47:44 [scrapy.core.scraper] DEBUG: Scraped from <200 https://sportsbook.draftkings.com/leagues/baseball/mlb?category=game-lines&subcategory=game>
{'event_date': 'Today',
 'event_time': None,
 'inning': ' 5th',
 'live': True,
 'team1_money_line': '−250',
 'team1_name': 'SEA Mariners',
 'team1_point_spread': {'line': '-1.5', 'odds': '−120'},
 'team1_score': '6',
 'team1_total_points_over_under': {'line': ['O', '\xa0', '16.5'],
                                   'odds': '−130'},
 'team2_money_line': '+190',
 'team2_name': 'HOU Astros',
 'team2_point_spread': {'line': '+1.5', 'odds': '−110'},
 'team2_score': '5',
 'team2_total_points_over_under': {'line': ['U', '\xa0', '16.5'],
                                   'odds': '+100'}}
2023-08-20 14:47:44 [scrapy.core.scraper] DEBUG: Scraped from <200 https://sportsbook.draftkings.com/leagues/baseball/mlb?category=game-lines&subcategory=game>
{'event_date': 'Today',
 'event_time': None,
 'inning': '4th',
 'live': True,
 'team1_money_line': '+105',
 'team1_name': 'SF Giants',
 'team1_point_spread': {'line': '+1.5', 'odds': '−250'},
 'team1_score': '3',
 'team1_total_points_over_under': {'line': ['O', '\xa0', '10.5'],
                                   'odds': '−110'},
 'team2_money_line': '−135',
 'team2_name': 'ATL Braves',
 'team2_point_spread': {'line': '-1.5', 'odds': '+190'},
 'team2_score': '2',
 'team2_total_points_over_under': {'line': ['U', '\xa0', '10.5'],
                                   'odds': '−120'}}
2023-08-20 14:47:44 [scrapy.core.scraper] DEBUG: Scraped from <200 https://sportsbook.draftkings.com/leagues/baseball/mlb?category=game-lines&subcategory=game>
{'event_date': 'Today',
 'event_time': None,
 'inning': ' 5th',
 'live': True,
 'team1_money_line': '+100',
 'team1_name': 'BOS Red Sox',
 'team1_point_spread': {'line': '-1.5', 'odds': '+195'},
 'team1_score': '1',
 'team1_total_points_over_under': {'line': ['O', '\xa0', '6.5'],
                                   'odds': '−125'},
 'team2_money_line': '−130',
 'team2_name': 'NY Yankees',
 'team2_point_spread': {'line': '+1.5', 'odds': '−260'},
 'team2_score': '1',
 'team2_total_points_over_under': {'line': ['U', '\xa0', '6.5'],
                                   'odds': '−105'}}
2023-08-20 14:47:44 [scrapy.core.scraper] DEBUG: Scraped from <200 https://sportsbook.draftkings.com/leagues/baseball/mlb?category=game-lines&subcategory=game>
{'event_date': 'Today',
 'event_time': None,
 'inning': '4th',
 'live': True,
 'team1_money_line': '−20000',
 'team1_name': 'TOR Blue Jays',
 'team1_point_spread': {'line': '-8.5', 'odds': '+105'},
 'team1_score': '9',
 'team1_total_points_over_under': {'line': ['O', '\xa0', '17.5'],
                                   'odds': '−120'},
 'team2_money_line': '+3000',
 'team2_name': 'CIN Reds',
 'team2_point_spread': {'line': '+8.5', 'odds': '−135'},
 'team2_score': '2',
 'team2_total_points_over_under': {'line': ['U', '\xa0', '17.5'],
                                   'odds': '−110'}}
2023-08-20 14:47:44 [scrapy.core.scraper] DEBUG: Scraped from <200 https://sportsbook.draftkings.com/leagues/baseball/mlb?category=game-lines&subcategory=game>
{'event_date': 'Today',
 'event_time': None,
 'inning': ' 5th',
 'live': True,
 'team1_money_line': '−166',
 'team1_name': 'DET Tigers',
 'team1_point_spread': {'line': '-1.5', 'odds': '+150'},
 'team1_score': '2',
 'team1_total_points_over_under': {'line': ['O', '\xa0', '6.5'],
                                   'odds': '−135'},
 'team2_money_line': '+130',
 'team2_name': 'CLE Guardians',
 'team2_point_spread': {'line': '+1.5', 'odds': '−195'},
 'team2_score': '1',
 'team2_total_points_over_under': {'line': ['U', '\xa0', '6.5'],
                                   'odds': '+105'}}
2023-08-20 14:47:44 [scrapy.core.scraper] DEBUG: Scraped from <200 https://sportsbook.draftkings.com/leagues/baseball/mlb?category=game-lines&subcategory=game>
{'event_date': 'Today',
 'event_time': None,
 'inning': ' 3rd',
 'live': True,
 'team1_money_line': '+130',
 'team1_name': 'PIT Pirates',
 'team1_point_spread': {'line': '+1.5', 'odds': '−190'},
 'team1_score': '0',
 'team1_total_points_over_under': {'line': ['O', '\xa0', '6.5'],
                                   'odds': '−125'},
 'team2_money_line': '−166',
 'team2_name': 'MIN Twins',
 'team2_point_spread': {'line': '-1.5', 'odds': '+145'},
 'team2_score': '0',
 'team2_total_points_over_under': {'line': ['U', '\xa0', '6.5'],
                                   'odds': '−105'}}
2023-08-20 14:47:44 [scrapy.core.scraper] DEBUG: Scraped from <200 https://sportsbook.draftkings.com/leagues/baseball/mlb?category=game-lines&subcategory=game>
{'event_date': 'Today',
 'event_time': None,
 'inning': ' 3rd',
 'live': True,
 'team1_money_line': '+110',
 'team1_name': 'NY Mets',
 'team1_point_spread': {'line': '+1.5', 'odds': '−200'},
 'team1_score': '0',
 'team1_total_points_over_under': {'line': ['O', '\xa0', '7.5'],
                                   'odds': '−130'},
 'team2_money_line': '−140',
 'team2_name': 'STL Cardinals',
 'team2_point_spread': {'line': '-1.5', 'odds': '+154'},
 'team2_score': '0',
 'team2_total_points_over_under': {'line': ['U', '\xa0', '7.5'],
                                   'odds': '+100'}}
2023-08-20 14:47:44 [scrapy.core.scraper] DEBUG: Scraped from <200 https://sportsbook.draftkings.com/leagues/baseball/mlb?category=game-lines&subcategory=game>
{'event_date': 'Today',
 'event_time': None,
 'inning': '3rd',
 'live': True,
 'team1_money_line': '+240',
 'team1_name': 'KC Royals',
 'team1_point_spread': {'line': '+1.5', 'odds': '+110'},
 'team1_score': '1',
 'team1_total_points_over_under': {'line': ['O', '\xa0', '9.5'],
                                   'odds': '−125'},
 'team2_money_line': '−340',
 'team2_name': 'CHI Cubs',
 'team2_point_spread': {'line': '-1.5', 'odds': '−140'},
 'team2_score': '2',
 'team2_total_points_over_under': {'line': ['U', '\xa0', '9.5'],
                                   'odds': '−105'}}
2023-08-20 14:47:44 [scrapy.core.scraper] DEBUG: Scraped from <200 https://sportsbook.draftkings.com/leagues/baseball/mlb?category=game-lines&subcategory=game>
{'event_date': 'Today',
 'event_time': None,
 'inning': '1st',
 'live': True,
 'team1_money_line': '+250',
 'team1_name': 'MIL Brewers',
 'team1_point_spread': {'line': '+2.5', 'odds': '−135'},
 'team1_score': '0',
 'team1_total_points_over_under': {'line': ['O', '\xa0', '8.5'],
                                   'odds': '−105'},
 'team2_money_line': '−360',
 'team2_name': 'TEX Rangers',
 'team2_point_spread': {'line': '-2.5', 'odds': '+105'},
 'team2_score': '0',
 'team2_total_points_over_under': {'line': ['U', '\xa0', '8.5'],
                                   'odds': '−125'}}
2023-08-20 14:47:44 [scrapy.core.scraper] DEBUG: Scraped from <200 https://sportsbook.draftkings.com/leagues/baseball/mlb?category=game-lines&subcategory=game>
{'event_date': 'Today',
 'event_time': '7:10PM',
 'inning': None,
 'live': False,
 'team1_money_line': '−135',
 'team1_name': 'CHI White Sox',
 'team1_point_spread': {'line': '-1.5', 'odds': '+110'},
 'team1_score': None,
 'team1_total_points_over_under': {'line': ['O', '\xa0', '11.5'],
                                   'odds': '−115'},
 'team2_money_line': '+114',
 'team2_name': 'COL Rockies',
 'team2_point_spread': {'line': '+1.5', 'odds': '−130'},
 'team2_score': None,
 'team2_total_points_over_under': {'line': ['U', '\xa0', '11.5'],
                                   'odds': '−105'}}
2023-08-20 14:47:44 [scrapy.core.scraper] DEBUG: Scraped from <200 https://sportsbook.draftkings.com/leagues/baseball/mlb?category=game-lines&subcategory=game>
{'event_date': 'Today',
 'event_time': '8:07PM',
 'inning': None,
 'live': False,
 'team1_money_line': '−192',
 'team1_name': 'BAL Orioles',
 'team1_point_spread': {'line': '-1.5', 'odds': '−120'},
 'team1_score': None,
 'team1_total_points_over_under': {'line': ['O', '\xa0', '8'], 'odds': '−120'},
 'team2_money_line': '+160',
 'team2_name': 'OAK Athletics',
 'team2_point_spread': {'line': '+1.5', 'odds': '+100'},
 'team2_score': None,
 'team2_total_points_over_under': {'line': ['U', '\xa0', '8'], 'odds': '+100'}}
2023-08-20 14:47:44 [scrapy.core.scraper] DEBUG: Scraped from <200 https://sportsbook.draftkings.com/leagues/baseball/mlb?category=game-lines&subcategory=game>
{'event_date': 'Today',
 'event_time': '11:10PM',
 'inning': None,
 'live': False,
 'team1_money_line': '−218',
 'team1_name': 'PHI Phillies',
 'team1_point_spread': {'line': '-1.5', 'odds': '−142'},
 'team1_score': None,
 'team1_total_points_over_under': {'line': ['O', '\xa0', '8.5'],
                                   'odds': '−120'},
 'team2_money_line': '+180',
 'team2_name': 'WAS Nationals',
 'team2_point_spread': {'line': '+1.5', 'odds': '+120'},
 'team2_score': None,
 'team2_total_points_over_under': {'line': ['U', '\xa0', '8.5'],
                                   'odds': '+100'}}
2023-08-20 14:47:44 [scrapy.core.scraper] DEBUG: Scraped from <200 https://sportsbook.draftkings.com/leagues/baseball/mlb?category=game-lines&subcategory=game>
{'event_date': 'TUE AUG 22ND',
 'event_time': '1:38AM',
 'inning': None,
 'live': False,
 'team1_money_line': '+110',
 'team1_name': 'CIN Reds',
 'team1_point_spread': {'line': '+1.5', 'odds': '−166'},
 'team1_score': None,
 'team1_total_points_over_under': {'line': ['O', '\xa0', '9'], 'odds': '−112'},
 'team2_money_line': '−130',
 'team2_name': 'LA Angels',
 'team2_point_spread': {'line': '-1.5', 'odds': '+140'},
 'team2_score': None,
 'team2_total_points_over_under': {'line': ['U', '\xa0', '9'], 'odds': '−108'}}
2023-08-20 14:47:44 [scrapy.core.engine] INFO: Closing spider (finished)
2023-08-20 14:47:44 [scrapy.extensions.feedexport] INFO: Stored json feed (13 items) in: data.json
2023-08-20 14:47:44 [scrapy.statscollectors] INFO: Dumping Scrapy stats:
{'downloader/request_bytes': 283,
 'downloader/request_count': 1,
 'downloader/request_method_count/GET': 1,
 'downloader/response_bytes': 272870,
 'downloader/response_count': 1,
 'downloader/response_status_count/200': 1,
 'elapsed_time_seconds': 1.628485,
 'feedexport/success_count/FileFeedStorage': 1,
 'finish_reason': 'finished',
 'finish_time': datetime.datetime(2023, 8, 20, 18, 47, 44, 479834),
 'httpcompression/response_bytes': 1976496,
 'httpcompression/response_count': 1,
 'item_scraped_count': 13,
 'log_count/DEBUG': 17,
 'log_count/INFO': 11,
 'memusage/max': 54919168,
 'memusage/startup': 54919168,
 'response_received_count': 1,
 'scheduler/dequeued': 1,
 'scheduler/dequeued/memory': 1,
 'scheduler/enqueued': 1,
 'scheduler/enqueued/memory': 1,
 'start_time': datetime.datetime(2023, 8, 20, 18, 47, 42, 851349)}
2023-08-20 14:47:44 [scrapy.core.engine] INFO: Spider closed (finished)
2023-08-20 14:53:52 [scrapy.utils.log] INFO: Scrapy 2.10.0 started (bot: dk_odds_webscraper)
2023-08-20 14:53:52 [scrapy.utils.log] INFO: Versions: lxml 4.9.3.0, libxml2 2.9.4, cssselect 1.2.0, parsel 1.8.1, w3lib 2.1.2, Twisted 22.10.0, Python 3.9.12 (main, Apr  5 2022, 01:53:17) - [Clang 12.0.0 ], pyOpenSSL 23.2.0 (OpenSSL 3.1.2 1 Aug 2023), cryptography 41.0.3, Platform macOS-10.16-x86_64-i386-64bit
2023-08-20 14:53:52 [scrapy.addons] INFO: Enabled addons:
[]
2023-08-20 14:53:52 [scrapy.crawler] INFO: Overridden settings:
{'BOT_NAME': 'dk_odds_webscraper',
 'FEED_EXPORT_ENCODING': 'utf-8',
 'LOG_FILE': '/Users/dhutchings/Documents/dk_odds_webscraper/dk_odds_webscraper/dk_odds_webscraper/logs/scrapy.log',
 'NEWSPIDER_MODULE': 'dk_odds_webscraper.spiders',
 'REQUEST_FINGERPRINTER_IMPLEMENTATION': '2.7',
 'SPIDER_MODULES': ['dk_odds_webscraper.spiders'],
 'TWISTED_REACTOR': 'twisted.internet.asyncioreactor.AsyncioSelectorReactor'}
2023-08-20 14:53:52 [asyncio] DEBUG: Using selector: KqueueSelector
2023-08-20 14:53:52 [scrapy.utils.log] DEBUG: Using reactor: twisted.internet.asyncioreactor.AsyncioSelectorReactor
2023-08-20 14:53:52 [scrapy.utils.log] DEBUG: Using asyncio event loop: asyncio.unix_events._UnixSelectorEventLoop
2023-08-20 14:53:52 [scrapy.extensions.telnet] INFO: Telnet Password: 6942cd6970da59be
2023-08-20 14:53:52 [scrapy.middleware] INFO: Enabled extensions:
['scrapy.extensions.corestats.CoreStats',
 'scrapy.extensions.telnet.TelnetConsole',
 'scrapy.extensions.memusage.MemoryUsage',
 'scrapy.extensions.feedexport.FeedExporter',
 'scrapy.extensions.logstats.LogStats']
2023-08-20 14:53:52 [scrapy.middleware] INFO: Enabled downloader middlewares:
['scrapy.downloadermiddlewares.httpauth.HttpAuthMiddleware',
 'scrapy.downloadermiddlewares.downloadtimeout.DownloadTimeoutMiddleware',
 'scrapy.downloadermiddlewares.defaultheaders.DefaultHeadersMiddleware',
 'scrapy.downloadermiddlewares.useragent.UserAgentMiddleware',
 'scrapy.downloadermiddlewares.retry.RetryMiddleware',
 'scrapy.downloadermiddlewares.redirect.MetaRefreshMiddleware',
 'scrapy.downloadermiddlewares.httpcompression.HttpCompressionMiddleware',
 'scrapy.downloadermiddlewares.redirect.RedirectMiddleware',
 'scrapy.downloadermiddlewares.cookies.CookiesMiddleware',
 'scrapy.downloadermiddlewares.httpproxy.HttpProxyMiddleware',
 'scrapy.downloadermiddlewares.stats.DownloaderStats']
2023-08-20 14:53:52 [scrapy.middleware] INFO: Enabled spider middlewares:
['scrapy.spidermiddlewares.httperror.HttpErrorMiddleware',
 'scrapy.spidermiddlewares.offsite.OffsiteMiddleware',
 'scrapy.spidermiddlewares.referer.RefererMiddleware',
 'scrapy.spidermiddlewares.urllength.UrlLengthMiddleware',
 'scrapy.spidermiddlewares.depth.DepthMiddleware']
2023-08-20 14:53:52 [scrapy.middleware] INFO: Enabled item pipelines:
[]
2023-08-20 14:53:52 [scrapy.core.engine] INFO: Spider opened
2023-08-20 14:53:52 [scrapy.extensions.logstats] INFO: Crawled 0 pages (at 0 pages/min), scraped 0 items (at 0 items/min)
2023-08-20 14:53:52 [scrapy.extensions.telnet] INFO: Telnet console listening on 127.0.0.1:6023
2023-08-20 14:53:53 [scrapy.core.engine] DEBUG: Crawled (200) <GET https://sportsbook.draftkings.com/leagues/baseball/mlb?category=game-lines&subcategory=game> (referer: None)
2023-08-20 14:53:53 [scrapy.core.scraper] DEBUG: Scraped from <200 https://sportsbook.draftkings.com/leagues/baseball/mlb?category=game-lines&subcategory=game>
{'event_date': 'Today',
 'event_time': None,
 'inning': ' 5th',
 'last_updated_utc': 1692557633.924282,
 'live': True,
 'team1_money_line': '−330',
 'team1_name': 'SEA Mariners',
 'team1_point_spread': {'line': '-1.5', 'odds': '−150'},
 'team1_score': '7',
 'team1_total_points_over_under': {'line': ['O', '\xa0', '17.5'],
                                   'odds': '+105'},
 'team2_money_line': '+240',
 'team2_name': 'HOU Astros',
 'team2_point_spread': {'line': '+1.5', 'odds': '+120'},
 'team2_score': '5',
 'team2_total_points_over_under': {'line': ['U', '\xa0', '17.5'],
                                   'odds': '−135'}}
2023-08-20 14:53:53 [scrapy.core.scraper] DEBUG: Scraped from <200 https://sportsbook.draftkings.com/leagues/baseball/mlb?category=game-lines&subcategory=game>
{'event_date': 'Today',
 'event_time': None,
 'inning': '4th',
 'last_updated_utc': 1692557633.930024,
 'live': True,
 'team1_money_line': '+105',
 'team1_name': 'SF Giants',
 'team1_point_spread': {'line': '+1.5', 'odds': '−250'},
 'team1_score': '3',
 'team1_total_points_over_under': {'line': ['O', '\xa0', '10.5'],
                                   'odds': '−110'},
 'team2_money_line': '−135',
 'team2_name': 'ATL Braves',
 'team2_point_spread': {'line': '-1.5', 'odds': '+190'},
 'team2_score': '2',
 'team2_total_points_over_under': {'line': ['U', '\xa0', '10.5'],
                                   'odds': '−120'}}
2023-08-20 14:53:53 [scrapy.core.scraper] DEBUG: Scraped from <200 https://sportsbook.draftkings.com/leagues/baseball/mlb?category=game-lines&subcategory=game>
{'event_date': 'Today',
 'event_time': None,
 'inning': ' 5th',
 'last_updated_utc': 1692557633.932609,
 'live': True,
 'team1_money_line': '+124',
 'team1_name': 'BOS Red Sox',
 'team1_point_spread': {'line': '+1.5', 'odds': '−260'},
 'team1_score': '1',
 'team1_total_points_over_under': {'line': ['O', '\xa0', '6.5'],
                                   'odds': '+105'},
 'team2_money_line': '−160',
 'team2_name': 'NY Yankees',
 'team2_point_spread': {'line': '-1.5', 'odds': '+195'},
 'team2_score': '1',
 'team2_total_points_over_under': {'line': ['U', '\xa0', '6.5'],
                                   'odds': '−135'}}
2023-08-20 14:53:53 [scrapy.core.scraper] DEBUG: Scraped from <200 https://sportsbook.draftkings.com/leagues/baseball/mlb?category=game-lines&subcategory=game>
{'event_date': 'Today',
 'event_time': None,
 'inning': '4th',
 'last_updated_utc': 1692557633.93536,
 'live': True,
 'team1_money_line': '−50000',
 'team1_name': 'TOR Blue Jays',
 'team1_point_spread': {'line': '-7.5', 'odds': '−145'},
 'team1_score': '9',
 'team1_total_points_over_under': {'line': ['O', '\xa0', '17.5'],
                                   'odds': '−115'},
 'team2_money_line': '+3500',
 'team2_name': 'CIN Reds',
 'team2_point_spread': {'line': '+7.5', 'odds': '+114'},
 'team2_score': '2',
 'team2_total_points_over_under': {'line': ['U', '\xa0', '17.5'],
                                   'odds': '−115'}}
2023-08-20 14:53:53 [scrapy.core.scraper] DEBUG: Scraped from <200 https://sportsbook.draftkings.com/leagues/baseball/mlb?category=game-lines&subcategory=game>
{'event_date': 'Today',
 'event_time': None,
 'inning': ' 5th',
 'last_updated_utc': 1692557633.938433,
 'live': True,
 'team1_money_line': '−195',
 'team1_name': 'DET Tigers',
 'team1_point_spread': {'line': '-1.5', 'odds': '+140'},
 'team1_score': '2',
 'team1_total_points_over_under': {'line': ['O', '\xa0', '6.5'],
                                   'odds': '−125'},
 'team2_money_line': '+150',
 'team2_name': 'CLE Guardians',
 'team2_point_spread': {'line': '+1.5', 'odds': '−180'},
 'team2_score': '1',
 'team2_total_points_over_under': {'line': ['U', '\xa0', '6.5'],
                                   'odds': '−105'}}
2023-08-20 14:53:53 [scrapy.core.scraper] DEBUG: Scraped from <200 https://sportsbook.draftkings.com/leagues/baseball/mlb?category=game-lines&subcategory=game>
{'event_date': 'Today',
 'event_time': None,
 'inning': '4th',
 'last_updated_utc': 1692557633.941372,
 'live': True,
 'team1_money_line': '+130',
 'team1_name': 'PIT Pirates',
 'team1_point_spread': {'line': '+1.5', 'odds': '−195'},
 'team1_score': '0',
 'team1_total_points_over_under': {'line': ['O', '\xa0', '6.5'],
                                   'odds': '+100'},
 'team2_money_line': '−166',
 'team2_name': 'MIN Twins',
 'team2_point_spread': {'line': '-1.5', 'odds': '+150'},
 'team2_score': '0',
 'team2_total_points_over_under': {'line': ['U', '\xa0', '6.5'],
                                   'odds': '−130'}}
2023-08-20 14:53:53 [scrapy.core.scraper] DEBUG: Scraped from <200 https://sportsbook.draftkings.com/leagues/baseball/mlb?category=game-lines&subcategory=game>
{'event_date': 'Today',
 'event_time': None,
 'inning': ' 3rd',
 'last_updated_utc': 1692557633.944179,
 'live': True,
 'team1_money_line': '−135',
 'team1_name': 'NY Mets',
 'team1_point_spread': {'line': '-1.5', 'odds': '+130'},
 'team1_score': '1',
 'team1_total_points_over_under': {'line': ['O', '\xa0', '8.5'],
                                   'odds': '−120'},
 'team2_money_line': '+105',
 'team2_name': 'STL Cardinals',
 'team2_point_spread': {'line': '+1.5', 'odds': '−166'},
 'team2_score': '0',
 'team2_total_points_over_under': {'line': ['U', '\xa0', '8.5'],
                                   'odds': '−110'}}
2023-08-20 14:53:53 [scrapy.core.scraper] DEBUG: Scraped from <200 https://sportsbook.draftkings.com/leagues/baseball/mlb?category=game-lines&subcategory=game>
{'event_date': 'Today',
 'event_time': None,
 'inning': ' 3rd',
 'last_updated_utc': 1692557633.94678,
 'live': True,
 'team1_money_line': '+330',
 'team1_name': 'KC Royals',
 'team1_point_spread': {'line': '+2.5', 'odds': '−115'},
 'team1_score': '1',
 'team1_total_points_over_under': {'line': ['O', '\xa0', '9.5'],
                                   'odds': '−110'},
 'team2_money_line': '−505',
 'team2_name': 'CHI Cubs',
 'team2_point_spread': {'line': '-2.5', 'odds': '−115'},
 'team2_score': '2',
 'team2_total_points_over_under': {'line': ['U', '\xa0', '9.5'],
                                   'odds': '−120'}}
2023-08-20 14:53:53 [scrapy.core.scraper] DEBUG: Scraped from <200 https://sportsbook.draftkings.com/leagues/baseball/mlb?category=game-lines&subcategory=game>
{'event_date': 'Today',
 'event_time': None,
 'inning': '2nd',
 'last_updated_utc': 1692557633.949411,
 'live': True,
 'team1_money_line': '+165',
 'team1_name': 'MIL Brewers',
 'team1_point_spread': {'line': '+1.5', 'odds': '−135'},
 'team1_score': '0',
 'team1_total_points_over_under': {'line': ['O', '\xa0', '7.5'],
                                   'odds': '+100'},
 'team2_money_line': '−225',
 'team2_name': 'TEX Rangers',
 'team2_point_spread': {'line': '-1.5', 'odds': '+105'},
 'team2_score': '0',
 'team2_total_points_over_under': {'line': ['U', '\xa0', '7.5'],
                                   'odds': '−130'}}
2023-08-20 14:53:53 [scrapy.core.scraper] DEBUG: Scraped from <200 https://sportsbook.draftkings.com/leagues/baseball/mlb?category=game-lines&subcategory=game>
{'event_date': 'Today',
 'event_time': '7:10PM',
 'inning': None,
 'last_updated_utc': 1692557633.952557,
 'live': False,
 'team1_money_line': '−135',
 'team1_name': 'CHI White Sox',
 'team1_point_spread': {'line': '-1.5', 'odds': '+110'},
 'team1_score': None,
 'team1_total_points_over_under': {'line': ['O', '\xa0', '11.5'],
                                   'odds': '−115'},
 'team2_money_line': '+114',
 'team2_name': 'COL Rockies',
 'team2_point_spread': {'line': '+1.5', 'odds': '−130'},
 'team2_score': None,
 'team2_total_points_over_under': {'line': ['U', '\xa0', '11.5'],
                                   'odds': '−105'}}
2023-08-20 14:53:53 [scrapy.core.scraper] DEBUG: Scraped from <200 https://sportsbook.draftkings.com/leagues/baseball/mlb?category=game-lines&subcategory=game>
{'event_date': 'Today',
 'event_time': '8:07PM',
 'inning': None,
 'last_updated_utc': 1692557633.955158,
 'live': False,
 'team1_money_line': '−192',
 'team1_name': 'BAL Orioles',
 'team1_point_spread': {'line': '-1.5', 'odds': '−120'},
 'team1_score': None,
 'team1_total_points_over_under': {'line': ['O', '\xa0', '8'], 'odds': '−120'},
 'team2_money_line': '+160',
 'team2_name': 'OAK Athletics',
 'team2_point_spread': {'line': '+1.5', 'odds': '+100'},
 'team2_score': None,
 'team2_total_points_over_under': {'line': ['U', '\xa0', '8'], 'odds': '+100'}}
2023-08-20 14:53:53 [scrapy.core.scraper] DEBUG: Scraped from <200 https://sportsbook.draftkings.com/leagues/baseball/mlb?category=game-lines&subcategory=game>
{'event_date': 'Today',
 'event_time': '11:10PM',
 'inning': None,
 'last_updated_utc': 1692557633.957445,
 'live': False,
 'team1_money_line': '−218',
 'team1_name': 'PHI Phillies',
 'team1_point_spread': {'line': '-1.5', 'odds': '−142'},
 'team1_score': None,
 'team1_total_points_over_under': {'line': ['O', '\xa0', '8.5'],
                                   'odds': '−120'},
 'team2_money_line': '+180',
 'team2_name': 'WAS Nationals',
 'team2_point_spread': {'line': '+1.5', 'odds': '+120'},
 'team2_score': None,
 'team2_total_points_over_under': {'line': ['U', '\xa0', '8.5'],
                                   'odds': '+100'}}
2023-08-20 14:53:53 [scrapy.core.scraper] DEBUG: Scraped from <200 https://sportsbook.draftkings.com/leagues/baseball/mlb?category=game-lines&subcategory=game>
{'event_date': 'TUE AUG 22ND',
 'event_time': '1:38AM',
 'inning': None,
 'last_updated_utc': 1692557633.95946,
 'live': False,
 'team1_money_line': '+110',
 'team1_name': 'CIN Reds',
 'team1_point_spread': {'line': '+1.5', 'odds': '−166'},
 'team1_score': None,
 'team1_total_points_over_under': {'line': ['O', '\xa0', '9'], 'odds': '−112'},
 'team2_money_line': '−130',
 'team2_name': 'LA Angels',
 'team2_point_spread': {'line': '-1.5', 'odds': '+140'},
 'team2_score': None,
 'team2_total_points_over_under': {'line': ['U', '\xa0', '9'], 'odds': '−108'}}
2023-08-20 14:53:53 [scrapy.core.engine] INFO: Closing spider (finished)
2023-08-20 14:53:53 [scrapy.extensions.feedexport] INFO: Stored json feed (13 items) in: data.json
2023-08-20 14:53:53 [scrapy.statscollectors] INFO: Dumping Scrapy stats:
{'downloader/request_bytes': 283,
 'downloader/request_count': 1,
 'downloader/request_method_count/GET': 1,
 'downloader/response_bytes': 269859,
 'downloader/response_count': 1,
 'downloader/response_status_count/200': 1,
 'elapsed_time_seconds': 1.589042,
 'feedexport/success_count/FileFeedStorage': 1,
 'finish_reason': 'finished',
 'finish_time': datetime.datetime(2023, 8, 20, 18, 53, 53, 962081),
 'httpcompression/response_bytes': 1952556,
 'httpcompression/response_count': 1,
 'item_scraped_count': 13,
 'log_count/DEBUG': 17,
 'log_count/INFO': 11,
 'memusage/max': 54902784,
 'memusage/startup': 54902784,
 'response_received_count': 1,
 'scheduler/dequeued': 1,
 'scheduler/dequeued/memory': 1,
 'scheduler/enqueued': 1,
 'scheduler/enqueued/memory': 1,
 'start_time': datetime.datetime(2023, 8, 20, 18, 53, 52, 373039)}
2023-08-20 14:53:53 [scrapy.core.engine] INFO: Spider closed (finished)
2023-08-20 14:59:11 [scrapy.utils.log] INFO: Scrapy 2.10.0 started (bot: dk_odds_webscraper)
2023-08-20 14:59:11 [scrapy.utils.log] INFO: Versions: lxml 4.9.3.0, libxml2 2.9.4, cssselect 1.2.0, parsel 1.8.1, w3lib 2.1.2, Twisted 22.10.0, Python 3.9.12 (main, Apr  5 2022, 01:53:17) - [Clang 12.0.0 ], pyOpenSSL 23.2.0 (OpenSSL 3.1.2 1 Aug 2023), cryptography 41.0.3, Platform macOS-10.16-x86_64-i386-64bit
2023-08-20 14:59:11 [scrapy.addons] INFO: Enabled addons:
[]
2023-08-20 14:59:11 [scrapy.crawler] INFO: Overridden settings:
{'BOT_NAME': 'dk_odds_webscraper',
 'FEED_EXPORT_ENCODING': 'utf-8',
 'LOG_FILE': '/Users/dhutchings/Documents/dk_odds_webscraper/dk_odds_webscraper/dk_odds_webscraper/logs/scrapy.log',
 'NEWSPIDER_MODULE': 'dk_odds_webscraper.spiders',
 'REQUEST_FINGERPRINTER_IMPLEMENTATION': '2.7',
 'SPIDER_MODULES': ['dk_odds_webscraper.spiders'],
 'TWISTED_REACTOR': 'twisted.internet.asyncioreactor.AsyncioSelectorReactor'}
2023-08-20 14:59:11 [asyncio] DEBUG: Using selector: KqueueSelector
2023-08-20 14:59:11 [scrapy.utils.log] DEBUG: Using reactor: twisted.internet.asyncioreactor.AsyncioSelectorReactor
2023-08-20 14:59:11 [scrapy.utils.log] DEBUG: Using asyncio event loop: asyncio.unix_events._UnixSelectorEventLoop
2023-08-20 14:59:11 [scrapy.extensions.telnet] INFO: Telnet Password: b9209abda2351b8e
2023-08-20 14:59:12 [scrapy.middleware] INFO: Enabled extensions:
['scrapy.extensions.corestats.CoreStats',
 'scrapy.extensions.telnet.TelnetConsole',
 'scrapy.extensions.memusage.MemoryUsage',
 'scrapy.extensions.feedexport.FeedExporter',
 'scrapy.extensions.logstats.LogStats']
2023-08-20 14:59:12 [scrapy.middleware] INFO: Enabled downloader middlewares:
['scrapy.downloadermiddlewares.httpauth.HttpAuthMiddleware',
 'scrapy.downloadermiddlewares.downloadtimeout.DownloadTimeoutMiddleware',
 'scrapy.downloadermiddlewares.defaultheaders.DefaultHeadersMiddleware',
 'scrapy.downloadermiddlewares.useragent.UserAgentMiddleware',
 'scrapy.downloadermiddlewares.retry.RetryMiddleware',
 'scrapy.downloadermiddlewares.redirect.MetaRefreshMiddleware',
 'scrapy.downloadermiddlewares.httpcompression.HttpCompressionMiddleware',
 'scrapy.downloadermiddlewares.redirect.RedirectMiddleware',
 'scrapy.downloadermiddlewares.cookies.CookiesMiddleware',
 'scrapy.downloadermiddlewares.httpproxy.HttpProxyMiddleware',
 'scrapy.downloadermiddlewares.stats.DownloaderStats']
2023-08-20 14:59:12 [scrapy.middleware] INFO: Enabled spider middlewares:
['scrapy.spidermiddlewares.httperror.HttpErrorMiddleware',
 'scrapy.spidermiddlewares.offsite.OffsiteMiddleware',
 'scrapy.spidermiddlewares.referer.RefererMiddleware',
 'scrapy.spidermiddlewares.urllength.UrlLengthMiddleware',
 'scrapy.spidermiddlewares.depth.DepthMiddleware']
2023-08-20 14:59:12 [scrapy.middleware] INFO: Enabled item pipelines:
[]
2023-08-20 14:59:12 [scrapy.core.engine] INFO: Spider opened
2023-08-20 14:59:12 [scrapy.extensions.logstats] INFO: Crawled 0 pages (at 0 pages/min), scraped 0 items (at 0 items/min)
2023-08-20 14:59:12 [scrapy.extensions.telnet] INFO: Telnet console listening on 127.0.0.1:6023
2023-08-20 14:59:14 [scrapy.core.engine] DEBUG: Crawled (200) <GET https://sportsbook.draftkings.com/leagues/baseball/mlb?category=game-lines&subcategory=game> (referer: None)
2023-08-20 14:59:14 [scrapy.core.scraper] DEBUG: Scraped from <200 https://sportsbook.draftkings.com/leagues/baseball/mlb?category=game-lines&subcategory=game>
{'event_date': 'Today',
 'event_time': None,
 'inning': ' 5th',
 'last_updated_utc': 1692557954,
 'live': True,
 'team1_money_line': '−225',
 'team1_name': 'SEA Mariners',
 'team1_point_spread': {'line': '-1.5', 'odds': '+100'},
 'team1_score': '7',
 'team1_total_points_over_under': {'line': ['O', '\xa0', '16.5'],
                                   'odds': '−105'},
 'team2_money_line': '+165',
 'team2_name': 'HOU Astros',
 'team2_point_spread': {'line': '+1.5', 'odds': '−130'},
 'team2_score': '5',
 'team2_total_points_over_under': {'line': ['U', '\xa0', '16.5'],
                                   'odds': '−125'}}
2023-08-20 14:59:14 [scrapy.core.scraper] DEBUG: Scraped from <200 https://sportsbook.draftkings.com/leagues/baseball/mlb?category=game-lines&subcategory=game>
{'event_date': 'Today',
 'event_time': None,
 'inning': '4th',
 'last_updated_utc': 1692557954,
 'live': True,
 'team1_money_line': '−125',
 'team1_name': 'SF Giants',
 'team1_point_spread': {'line': '-1.5', 'odds': '+170'},
 'team1_score': '3',
 'team1_total_points_over_under': {'line': ['O', '\xa0', '9.5'],
                                   'odds': '−130'},
 'team2_money_line': '−105',
 'team2_name': 'ATL Braves',
 'team2_point_spread': {'line': '+1.5', 'odds': '−220'},
 'team2_score': '2',
 'team2_total_points_over_under': {'line': ['U', '\xa0', '9.5'],
                                   'odds': '+100'}}
2023-08-20 14:59:14 [scrapy.core.scraper] DEBUG: Scraped from <200 https://sportsbook.draftkings.com/leagues/baseball/mlb?category=game-lines&subcategory=game>
{'event_date': 'Today',
 'event_time': None,
 'inning': ' 5th',
 'last_updated_utc': 1692557954,
 'live': True,
 'team1_money_line': '+100',
 'team1_name': 'BOS Red Sox',
 'team1_point_spread': {'line': '-1.5', 'odds': '+220'},
 'team1_score': '1',
 'team1_total_points_over_under': {'line': ['O', '\xa0', '5.5'],
                                   'odds': '−130'},
 'team2_money_line': '−130',
 'team2_name': 'NY Yankees',
 'team2_point_spread': {'line': '+1.5', 'odds': '−298'},
 'team2_score': '1',
 'team2_total_points_over_under': {'line': ['U', '\xa0', '5.5'],
                                   'odds': '+100'}}
2023-08-20 14:59:14 [scrapy.core.scraper] DEBUG: Scraped from <200 https://sportsbook.draftkings.com/leagues/baseball/mlb?category=game-lines&subcategory=game>
{'event_date': 'Today',
 'event_time': None,
 'inning': '4th',
 'last_updated_utc': 1692557954,
 'live': True,
 'team1_money_line': '−6500',
 'team1_name': 'TOR Blue Jays',
 'team1_point_spread': {'line': '-7.5', 'odds': '+120'},
 'team1_score': '9',
 'team1_total_points_over_under': {'line': ['O', '\xa0', '16.5'],
                                   'odds': '−130'},
 'team2_money_line': '+1800',
 'team2_name': 'CIN Reds',
 'team2_point_spread': {'line': '+7.5', 'odds': '−150'},
 'team2_score': '2',
 'team2_total_points_over_under': {'line': ['U', '\xa0', '16.5'],
                                   'odds': '+100'}}
2023-08-20 14:59:14 [scrapy.core.scraper] DEBUG: Scraped from <200 https://sportsbook.draftkings.com/leagues/baseball/mlb?category=game-lines&subcategory=game>
{'event_date': 'Today',
 'event_time': None,
 'inning': ' 6th',
 'last_updated_utc': 1692557954,
 'live': True,
 'team1_money_line': '−180',
 'team1_name': 'DET Tigers',
 'team1_point_spread': {'line': '-1.5', 'odds': '+160'},
 'team1_score': '2',
 'team1_total_points_over_under': {'line': ['O', '\xa0', '6.5'],
                                   'odds': '+100'},
 'team2_money_line': '+140',
 'team2_name': 'CLE Guardians',
 'team2_point_spread': {'line': '+1.5', 'odds': '−210'},
 'team2_score': '1',
 'team2_total_points_over_under': {'line': ['U', '\xa0', '6.5'],
                                   'odds': '−130'}}
2023-08-20 14:59:14 [scrapy.core.scraper] DEBUG: Scraped from <200 https://sportsbook.draftkings.com/leagues/baseball/mlb?category=game-lines&subcategory=game>
{'event_date': 'Today',
 'event_time': None,
 'inning': '4th',
 'last_updated_utc': 1692557954,
 'live': True,
 'team1_money_line': '+175',
 'team1_name': 'PIT Pirates',
 'team1_point_spread': {'line': '+1.5', 'odds': '−140'},
 'team1_score': '0',
 'team1_total_points_over_under': {'line': ['O', '\xa0', '5.5'],
                                   'odds': '−135'},
 'team2_money_line': '−230',
 'team2_name': 'MIN Twins',
 'team2_point_spread': {'line': '-1.5', 'odds': '+110'},
 'team2_score': '0',
 'team2_total_points_over_under': {'line': ['U', '\xa0', '5.5'],
                                   'odds': '+105'}}
2023-08-20 14:59:14 [scrapy.core.scraper] DEBUG: Scraped from <200 https://sportsbook.draftkings.com/leagues/baseball/mlb?category=game-lines&subcategory=game>
{'event_date': 'Today',
 'event_time': None,
 'inning': ' 3rd',
 'last_updated_utc': 1692557954,
 'live': True,
 'team1_money_line': '−125',
 'team1_name': 'NY Mets',
 'team1_point_spread': {'line': '-1.5', 'odds': '+140'},
 'team1_score': '1',
 'team1_total_points_over_under': {'line': ['O', '\xa0', '8.5'],
                                   'odds': '−105'},
 'team2_money_line': '−105',
 'team2_name': 'STL Cardinals',
 'team2_point_spread': {'line': '+1.5', 'odds': '−180'},
 'team2_score': '0',
 'team2_total_points_over_under': {'line': ['U', '\xa0', '8.5'],
                                   'odds': '−125'}}
2023-08-20 14:59:14 [scrapy.core.scraper] DEBUG: Scraped from <200 https://sportsbook.draftkings.com/leagues/baseball/mlb?category=game-lines&subcategory=game>
{'event_date': 'Today',
 'event_time': None,
 'inning': ' 3rd',
 'last_updated_utc': 1692557954,
 'live': True,
 'team1_money_line': '+380',
 'team1_name': 'KC Royals',
 'team1_point_spread': {'line': '+2.5', 'odds': '−105'},
 'team1_score': '1',
 'team1_total_points_over_under': {'line': ['O', '\xa0', '9.5'],
                                   'odds': '−125'},
 'team2_money_line': '−615',
 'team2_name': 'CHI Cubs',
 'team2_point_spread': {'line': '-2.5', 'odds': '−125'},
 'team2_score': '2',
 'team2_total_points_over_under': {'line': ['U', '\xa0', '9.5'],
                                   'odds': '−105'}}
2023-08-20 14:59:14 [scrapy.core.scraper] DEBUG: Scraped from <200 https://sportsbook.draftkings.com/leagues/baseball/mlb?category=game-lines&subcategory=game>
{'event_date': 'Today',
 'event_time': None,
 'inning': '2nd',
 'last_updated_utc': 1692557954,
 'live': True,
 'team1_money_line': '+180',
 'team1_name': 'MIL Brewers',
 'team1_point_spread': {'line': '+1.5', 'odds': '−130'},
 'team1_score': '0',
 'team1_total_points_over_under': {'line': ['O', '\xa0', '7.5'],
                                   'odds': '+110'},
 'team2_money_line': '−245',
 'team2_name': 'TEX Rangers',
 'team2_point_spread': {'line': '-1.5', 'odds': '+100'},
 'team2_score': '0',
 'team2_total_points_over_under': {'line': ['U', '\xa0', '7.5'],
                                   'odds': '−140'}}
2023-08-20 14:59:14 [scrapy.core.scraper] DEBUG: Scraped from <200 https://sportsbook.draftkings.com/leagues/baseball/mlb?category=game-lines&subcategory=game>
{'event_date': 'Today',
 'event_time': '7:10PM',
 'inning': None,
 'last_updated_utc': 1692557954,
 'live': False,
 'team1_money_line': '−142',
 'team1_name': 'CHI White Sox',
 'team1_point_spread': {'line': '-1.5', 'odds': '+105'},
 'team1_score': None,
 'team1_total_points_over_under': {'line': ['O', '\xa0', '11.5'],
                                   'odds': '−115'},
 'team2_money_line': '+120',
 'team2_name': 'COL Rockies',
 'team2_point_spread': {'line': '+1.5', 'odds': '−125'},
 'team2_score': None,
 'team2_total_points_over_under': {'line': ['U', '\xa0', '11.5'],
                                   'odds': '−105'}}
2023-08-20 14:59:14 [scrapy.core.scraper] DEBUG: Scraped from <200 https://sportsbook.draftkings.com/leagues/baseball/mlb?category=game-lines&subcategory=game>
{'event_date': 'Today',
 'event_time': '8:07PM',
 'inning': None,
 'last_updated_utc': 1692557954,
 'live': False,
 'team1_money_line': '−192',
 'team1_name': 'BAL Orioles',
 'team1_point_spread': {'line': '-1.5', 'odds': '−120'},
 'team1_score': None,
 'team1_total_points_over_under': {'line': ['O', '\xa0', '8'], 'odds': '−120'},
 'team2_money_line': '+160',
 'team2_name': 'OAK Athletics',
 'team2_point_spread': {'line': '+1.5', 'odds': '+100'},
 'team2_score': None,
 'team2_total_points_over_under': {'line': ['U', '\xa0', '8'], 'odds': '+100'}}
2023-08-20 14:59:14 [scrapy.core.scraper] DEBUG: Scraped from <200 https://sportsbook.draftkings.com/leagues/baseball/mlb?category=game-lines&subcategory=game>
{'event_date': 'Today',
 'event_time': '11:10PM',
 'inning': None,
 'last_updated_utc': 1692557954,
 'live': False,
 'team1_money_line': '−218',
 'team1_name': 'PHI Phillies',
 'team1_point_spread': {'line': '-1.5', 'odds': '−142'},
 'team1_score': None,
 'team1_total_points_over_under': {'line': ['O', '\xa0', '8.5'],
                                   'odds': '−120'},
 'team2_money_line': '+180',
 'team2_name': 'WAS Nationals',
 'team2_point_spread': {'line': '+1.5', 'odds': '+120'},
 'team2_score': None,
 'team2_total_points_over_under': {'line': ['U', '\xa0', '8.5'],
                                   'odds': '+100'}}
2023-08-20 14:59:14 [scrapy.core.scraper] DEBUG: Scraped from <200 https://sportsbook.draftkings.com/leagues/baseball/mlb?category=game-lines&subcategory=game>
{'event_date': 'TUE AUG 22ND',
 'event_time': '1:38AM',
 'inning': None,
 'last_updated_utc': 1692557954,
 'live': False,
 'team1_money_line': '+110',
 'team1_name': 'CIN Reds',
 'team1_point_spread': {'line': '+1.5', 'odds': '−166'},
 'team1_score': None,
 'team1_total_points_over_under': {'line': ['O', '\xa0', '9'], 'odds': '−112'},
 'team2_money_line': '−130',
 'team2_name': 'LA Angels',
 'team2_point_spread': {'line': '-1.5', 'odds': '+140'},
 'team2_score': None,
 'team2_total_points_over_under': {'line': ['U', '\xa0', '9'], 'odds': '−108'}}
2023-08-20 14:59:14 [scrapy.core.engine] INFO: Closing spider (finished)
2023-08-20 14:59:14 [scrapy.extensions.feedexport] INFO: Stored json feed (13 items) in: data.json
2023-08-20 14:59:14 [scrapy.statscollectors] INFO: Dumping Scrapy stats:
{'downloader/request_bytes': 283,
 'downloader/request_count': 1,
 'downloader/request_method_count/GET': 1,
 'downloader/response_bytes': 272770,
 'downloader/response_count': 1,
 'downloader/response_status_count/200': 1,
 'elapsed_time_seconds': 2.550521,
 'feedexport/success_count/FileFeedStorage': 1,
 'finish_reason': 'finished',
 'finish_time': datetime.datetime(2023, 8, 20, 18, 59, 14, 728957),
 'httpcompression/response_bytes': 1976559,
 'httpcompression/response_count': 1,
 'item_scraped_count': 13,
 'log_count/DEBUG': 17,
 'log_count/INFO': 11,
 'memusage/max': 54964224,
 'memusage/startup': 54964224,
 'response_received_count': 1,
 'scheduler/dequeued': 1,
 'scheduler/dequeued/memory': 1,
 'scheduler/enqueued': 1,
 'scheduler/enqueued/memory': 1,
 'start_time': datetime.datetime(2023, 8, 20, 18, 59, 12, 178436)}
2023-08-20 14:59:14 [scrapy.core.engine] INFO: Spider closed (finished)
